<?xml version='1.0' encoding='UTF-8'?>
<testsuite hostname="Ben" name="InitalizationTest" tests="1" errors="0" failures="0" skipped="0" time="3.292" timestamp="2024-02-22T13:40:02">
                     <properties>
[...]
</properties>
                     <testcase classname="InitalizationTest" name="checkInitalized" time="3.292">
                                                 
                                               </testcase>
                     <system-out><![CDATA[]]></system-out>
                     <system-err><![CDATA[]]></system-err>
                   </testsuite>